<?xml version="1.0" encoding="UTF-8"?>
<testsuite name="JsonDatabaseTest" tests="1" skipped="0" failures="0" errors="0" timestamp="2024-10-29T15:42:12" hostname="C13380" time="2.606">
  <properties/>
  <testcase name="start" classname="JsonDatabaseTest" time="2.606"/>
  <system-out><![CDATA[?[1;31m
Start test 1?[0m
Server started!
Client Started
Sent: {"type":"exit"} 
?[1;31m
Start test 2?[0m
Server started!
Client Started
Sent: {"type":"get","key":"1"} 
Client Started
Sent: {"type":"set","key":"1","value":"Hello world!"} 
Client Started
Sent: {"type":"set","key":"1","value":"HelloWorld!"} 
Client Started
Sent: {"type":"get","key":"1"} 
Client Started
Sent: {"type":"delete","key":"1"} 
Client Started
Sent: {"type":"delete","key":"1"} 
Client Started
Sent: {"type":"get","key":"1"} 
Client Started
Sent: {"type":"set","key":"text","value":"Hyperskill is the best!"} 
Client Started
Sent: {"type":"get","key":"text"} 
Client Started
Sent: {"type":"get","key":"name"} 
Client Started
Sent: {"type":"delete","key":"name"} 
Client Started
Sent: {"type":"set","key":"name","value":"Sorabh Tomar"} 
Client Started
Sent: {"type":"get","key":"name"} 
Client Started
Sent: {"type":"delete","key":"100"} 
Client Started
Sent: {"type":"delete","key":"That key doesn\u0027t exist"} 
Client Started
Sent: {"type":"exit"} 
]]></system-out>
  <system-err><![CDATA[]]></system-err>
</testsuite>
