<?xml version="1.0" encoding="UTF-8"?>
<testsuite name="JsonDatabaseTest" tests="1" skipped="0" failures="0" errors="0" timestamp="2024-10-29T17:02:40" hostname="C13380" time="3.056">
  <properties/>
  <testcase name="start" classname="JsonDatabaseTest" time="3.056"/>
  <system-out><![CDATA[?[1;31m
Start test 1?[0m
Server started!
Client started!
null input file
Sent: {"type":"exit"}
Received: {"type":"exit"}
Sent: {"response":"OK"}
Received: {"response":"OK"}
?[1;31m
Start test 2?[0m
?[1;31m
Start test 3?[0m
Server started!
Client started!
null input file
Sent: {"type":"get","key":"text"}
Received: {"type":"get","key":"text"}
Sent: {"response":"ERROR","reason":"No such key"}
Received: {"response":"ERROR","reason":"No such key"}
Client started!
null input file
Sent: {"type":"set","key":"text","value":"Hello World!"}
Received: {"type":"set","key":"text","value":"Hello World!"}
Sent: {"response":"OK"}
Received: {"response":"OK"}
Client started!
null input file
Sent: {"type":"get","key":"text"}
Received: {"type":"get","key":"text"}
Sent: {"response":"OK","value":"Hello World!"}
Received: {"response":"OK","value":"Hello World!"}
Client started!
null input file
Sent: {"type":"delete","key":"text"}
Received: {"type":"delete","key":"text"}
Sent: {"response":"OK"}
Received: {"response":"OK"}
Client started!
null input file
Sent: {"type":"delete","key":"text"}
Received: {"type":"delete","key":"text"}
Sent: {"response":"ERROR","reason":"No such key"}
Received: {"response":"ERROR","reason":"No such key"}
Client started!
null input file
Sent: {"type":"get","key":"text"}
Received: {"type":"get","key":"text"}
Sent: {"response":"ERROR","reason":"No such key"}
Received: {"response":"ERROR","reason":"No such key"}
Client started!
Sent: {"type":"set","key":"person","value":{"name":"Elon Musk","car":{"model":"Tesla Roadster","year":"2018"},"rocket":{"name":"Falcon 9","launches":"87"}}}

Received: {"type":"set","key":"person","value":{"name":"Elon Musk","car":{"model":"Tesla Roadster","year":"2018"},"rocket":{"name":"Falcon 9","launches":"87"}}}

Sent: {"response":"OK"}
Received: {"response":"OK"}
Client started!
Sent: {"type":"get","key":["person","name"]}

Received: {"type":"get","key":["person","name"]}

Sent: {"response":"OK","value":"Elon Musk"}
Received: {"response":"OK","value":"Elon Musk"}
Client started!
Sent: {"type":"set","key":["person","rocket","launches"],"value":"88"}

Received: {"type":"set","key":["person","rocket","launches"],"value":"88"}

Sent: {"response":"OK"}
Received: {"response":"OK"}
Client started!
Sent: {"type":"get","key":["person"]}

Received: {"type":"get","key":["person"]}

Sent: {"response":"OK","value":{"name":"Elon Musk","car":{"model":"Tesla Roadster","year":"2018"},"rocket":{"name":"Falcon 9","launches":"88"}}}
Received: {"response":"OK","value":{"name":"Elon Musk","car":{"model":"Tesla Roadster","year":"2018"},"rocket":{"name":"Falcon 9","launches":"88"}}}
Client started!
Sent: {"type":"delete","key":["person","car","year"]}

Received: {"type":"delete","key":["person","car","year"]}

Sent: {"response":"OK"}
Received: {"response":"OK"}
Client started!
Sent: {"type":"get","key":["person"]}

Received: {"type":"get","key":["person"]}

Sent: {"response":"OK","value":{"name":"Elon Musk","car":{"model":"Tesla Roadster"},"rocket":{"name":"Falcon 9","launches":"88"}}}
Received: {"response":"OK","value":{"name":"Elon Musk","car":{"model":"Tesla Roadster"},"rocket":{"name":"Falcon 9","launches":"88"}}}
Client started!
null input file
Sent: {"type":"exit"}
Received: {"type":"exit"}
Sent: {"response":"OK"}
Received: {"response":"OK"}
]]></system-out>
  <system-err><![CDATA[]]></system-err>
</testsuite>
